<?xml version="1.0" encoding="UTF-8"?>
<!-- Generated by org.testng.reporters.JUnitReportReporter -->
<testsuite hostname="Prince" failures="0" tests="10" name="framework.CarLoanTestCases" time="0.026" errors="0" timestamp="2025-04-25T21:21:34 EDT" skipped="0">
  <testcase classname="framework.CarLoanTestCases" name="appiumCarLoanSignup" time="0.000"/>
  <testcase classname="framework.CarLoanTestCases" name="apiCarLoan" time="0.010"/>
  <testcase classname="framework.CarLoanTestCases" name="appiumCarLoanCheckout" time="0.005"/>
  <testcase classname="framework.CarLoanTestCases" name="appiumCarLoanCheckin" time="0.000"/>
  <testcase classname="framework.CarLoanTestCases" name="appiumCarLoanLogin" time="0.003"/>
  <testcase classname="framework.CarLoanTestCases" name="appiumCarLoanNavigate" time="0.000"/>
  <testcase classname="framework.CarLoanTestCases" name="appiumCarLoan" time="0.002"/>
  <testcase classname="framework.CarLoanTestCases" name="appiumCarLoanPurchase" time="0.003"/>
  <testcase classname="framework.CarLoanTestCases" name="carLoan" time="0.000"/>
  <testcase classname="framework.CarLoanTestCases" name="appiumCarLoanSignout" time="0.003"/>
</testsuite> <!-- framework.CarLoanTestCases -->
