<?xml version="1.0" encoding="UTF-8"?>
<!-- Generated by org.testng.reporters.JUnitReportReporter -->
<testsuite hostname="Prince" failures="0" tests="2" name="framework.CarLoanTestCases" time="0.006" errors="0" timestamp="2025-05-03T20:42:22 EDT" skipped="0">
  <testcase classname="framework.CarLoanTestCases" name="apiCarLoan" time="0.001"/>
  <testcase classname="framework.CarLoanTestCases" name="carLoan" time="0.005"/>
</testsuite> <!-- framework.CarLoanTestCases -->
