<?xml version="1.0" encoding="UTF-8"?>
<!-- Generated by org.testng.reporters.JUnitReportReporter -->
<testsuite hostname="Prince" failures="0" tests="1" name="framework.Testrunning" time="0.010" errors="0" timestamp="2025-04-25T09:42:54 EDT" skipped="0">
  <testcase classname="framework.Testrunning" name="Demo" time="0.010"/>
</testsuite> <!-- framework.Testrunning -->
