<?xml version="1.0" encoding="UTF-8"?>
<!-- Generated by org.testng.reporters.JUnitReportReporter -->
<testsuite hostname="Prince" failures="0" tests="1" name="framework.CarLoanTestCases" time="0.002" errors="0" timestamp="2025-04-27T00:14:33 EDT" skipped="0">
  <testcase classname="framework.CarLoanTestCases" name="apiCarLoan" time="0.002"/>
</testsuite> <!-- framework.CarLoanTestCases -->
