<?xml version="1.0" encoding="UTF-8"?>
<!-- Generated by org.testng.reporters.JUnitReportReporter -->
<testsuite hostname="Prince" failures="0" tests="2" name="framework.CarLoanTestCases" time="0.003" errors="0" timestamp="2025-04-25T21:54:43 EDT" skipped="0">
  <testcase classname="framework.CarLoanTestCases" name="carLoan" time="0.001"/>
  <testcase classname="framework.CarLoanTestCases" name="apiCarLoan" time="0.002"/>
</testsuite> <!-- framework.CarLoanTestCases -->
