<?xml version="1.0" encoding="UTF-8"?>
<!-- Generated by org.testng.reporters.JUnitReportReporter -->
<testsuite hostname="Prince" failures="0" tests="2" name="framework.TestRunning" time="0.002" errors="0" timestamp="2025-04-25T21:21:34 EDT" skipped="0">
  <testcase classname="framework.TestRunning" name="Demo" time="0.000"/>
  <testcase classname="framework.TestRunning" name="Demo2" time="0.002"/>
</testsuite> <!-- framework.TestRunning -->
