<?xml version="1.0" encoding="UTF-8"?>
<!-- Generated by org.testng.reporters.JUnitReportReporter -->
<testsuite hostname="Prince" failures="0" tests="1" name="framework.TestRunning" time="0.015" errors="0" timestamp="2025-05-03T20:42:22 EDT" skipped="0">
  <testcase classname="framework.TestRunning" name="Demo2" time="0.015"/>
</testsuite> <!-- framework.TestRunning -->
