<?xml version="1.0" encoding="UTF-8"?>
<!-- Generated by org.testng.reporters.JUnitReportReporter -->
<testsuite hostname="Prince" failures="0" tests="1" name="framework.TestRunning" time="0.008" errors="0" timestamp="2025-05-06T12:07:52 EDT" skipped="0">
  <testcase classname="framework.TestRunning" name="Demo2" time="0.008"/>
</testsuite> <!-- framework.TestRunning -->
