<?xml version="1.0" encoding="UTF-8"?>
<!-- Generated by org.testng.reporters.JUnitReportReporter -->
<testsuite hostname="Prince" failures="0" tests="2" name="framework.CarLoanTestCases" time="0.009" errors="0" timestamp="2025-05-07T14:33:23 EDT" skipped="0">
  <testcase classname="framework.CarLoanTestCases" name="apiCarLoan" time="0.007"/>
  <testcase classname="framework.CarLoanTestCases" name="carLoan" time="0.002"/>
</testsuite> <!-- framework.CarLoanTestCases -->
