<?xml version="1.0" encoding="UTF-8"?>
<!-- Generated by org.testng.reporters.JUnitReportReporter -->
<testsuite hostname="Prince" failures="0" tests="1" name="framework.TestRunning" time="0.020" errors="0" timestamp="2025-04-27T00:14:33 EDT" skipped="0">
  <testcase classname="framework.TestRunning" name="Demo" time="0.020"/>
</testsuite> <!-- framework.TestRunning -->
