<?xml version="1.0" encoding="UTF-8"?>
<!-- Generated by org.testng.reporters.JUnitReportReporter -->
<testsuite hostname="Prince" failures="0" tests="3" name="framework.PersonalLoanTestCase" time="0.016" errors="0" timestamp="2025-05-07T14:33:23 EDT" skipped="0">
  <testcase classname="framework.PersonalLoanTestCase" name="personalLoan" time="0.010"/>
  <testcase classname="framework.PersonalLoanTestCase" name="personalLoan" time="0.002"/>
  <testcase classname="framework.PersonalLoanTestCase" name="personalLoan" time="0.004"/>
</testsuite> <!-- framework.PersonalLoanTestCase -->
