<?xml version="1.0" encoding="UTF-8"?>
<!-- Generated by org.testng.reporters.JUnitReportReporter -->
<testsuite hostname="Prince" failures="0" tests="9" name="framework.CarLoanTestCases" time="0.013" errors="0" timestamp="2025-04-28T09:37:34 EDT" skipped="0">
  <testcase classname="framework.CarLoanTestCases" name="appiumCarLoanCheckin" time="0.001"/>
  <testcase classname="framework.CarLoanTestCases" name="appiumCarLoanCheckout" time="0.001"/>
  <testcase classname="framework.CarLoanTestCases" name="appiumCarLoanPurchase" time="0.002"/>
  <testcase classname="framework.CarLoanTestCases" name="appiumCarLoanSignup" time="0.002"/>
  <testcase classname="framework.CarLoanTestCases" name="appiumCarLoanLogin" time="0.002"/>
  <testcase classname="framework.CarLoanTestCases" name="carLoan" time="0.002"/>
  <testcase classname="framework.CarLoanTestCases" name="appiumCarLoan" time="0.001"/>
  <testcase classname="framework.CarLoanTestCases" name="appiumCarLoanNavigate" time="0.001"/>
  <testcase classname="framework.CarLoanTestCases" name="appiumCarLoanSignout" time="0.001"/>
</testsuite> <!-- framework.CarLoanTestCases -->
