<?xml version="1.0" encoding="UTF-8"?>
<!-- Generated by org.testng.reporters.JUnitReportReporter -->
<testsuite hostname="Prince" failures="0" tests="1" name="framework.NewTestCase" time="0.019" errors="0" timestamp="2025-05-07T19:58:06 EDT" skipped="0">
  <testcase classname="framework.NewTestCase" name="TestRun" time="0.019"/>
</testsuite> <!-- framework.NewTestCase -->
