<?xml version="1.0" encoding="UTF-8"?>
<!-- Generated by org.testng.reporters.JUnitReportReporter -->
<testsuite hostname="Prince" failures="0" tests="3" name="framework.PersonalLoanTestCase" time="0.012" errors="0" timestamp="2025-05-03T21:12:33 EDT" skipped="0">
  <testcase classname="framework.PersonalLoanTestCase" name="personalLoan" time="0.010"/>
  <testcase classname="framework.PersonalLoanTestCase" name="personalLoan" time="0.001"/>
  <testcase classname="framework.PersonalLoanTestCase" name="personalLoan" time="0.001"/>
</testsuite> <!-- framework.PersonalLoanTestCase -->
