<?xml version="1.0" encoding="UTF-8"?>
<!-- Generated by org.testng.reporters.JUnitReportReporter -->
<testsuite hostname="Prince" failures="0" tests="1" name="framework.PersonalLoanTestCase" time="0.003" errors="0" timestamp="2025-04-27T00:02:51 EDT" skipped="0">
  <testcase classname="framework.PersonalLoanTestCase" name="personalLoan" time="0.003"/>
</testsuite> <!-- framework.PersonalLoanTestCase -->
