<?xml version="1.0" encoding="UTF-8"?>
<!-- Generated by org.testng.reporters.JUnitReportReporter -->
<testsuite hostname="Prince" failures="0" tests="3" name="framework.HomeLoanTestCases" time="0.016" errors="0" timestamp="2025-04-28T09:43:07 EDT" skipped="0">
  <testcase classname="framework.HomeLoanTestCases" name="homeLoan" time="0.002"/>
  <testcase classname="framework.HomeLoanTestCases" name="apiHomeLoan" time="0.013"/>
  <testcase classname="framework.HomeLoanTestCases" name="appiumHomeLoan" time="0.001"/>
</testsuite> <!-- framework.HomeLoanTestCases -->
