<?xml version="1.0" encoding="UTF-8"?>
<!-- Generated by org.testng.reporters.JUnitReportReporter -->
<testsuite hostname="Prince" failures="0" tests="4" name="framework.HomeLoanTestCases" time="0.011" errors="0" timestamp="2025-05-01T20:18:53 EDT" skipped="1">
  <testcase classname="framework.HomeLoanTestCases" name="appiumHomeLoan" time="0.002"/>
  <testcase classname="framework.HomeLoanTestCases" name="homeLoan" time="0.008"/>
  <testcase classname="framework.HomeLoanTestCases" name="apiLoan" time="0.001"/>
  <testcase classname="framework.HomeLoanTestCases" name="apiHomeLoan">
    <skipped/>
  </testcase> <!-- apiHomeLoan -->
</testsuite> <!-- framework.HomeLoanTestCases -->
